# JRE version: Java(TM) SE Runtime Environment (8.0_162-b12) (build 1.8.0_162-b12)
# Java VM: Java HotSpot(TM) 64-Bit Server VM (25.162-b12 mixed mode windows-amd64 compressed oops)
Heap:
 PSYoungGen      total 145408K, used 120123K [0x00000000eab00000, 0x00000000f7b00000, 0x0000000100000000)
  eden space 120832K, 79% used [0x00000000eab00000,0x00000000f08505a8,0x00000000f2100000)
  from space 24576K, 99% used [0x00000000f2100000,0x00000000f38fe9b0,0x00000000f3900000)
  to   space 29696K, 0% used [0x00000000f5e00000,0x00000000f5e00000,0x00000000f7b00000)
 ParOldGen       total 79872K, used 46189K [0x00000000c0000000, 0x00000000c4e00000, 0x00000000eab00000)
  object space 79872K, 57% used [0x00000000c0000000,0x00000000c2d1b7f8,0x00000000c4e00000)
 Metaspace       used 6806K, capacity 7352K, committed 7680K, reserved 1056768K
  class space    used 651K, capacity 688K, committed 768K, reserved 1048576K
GC Heap History (10 events):
Event: 1.734 GC heap before
{Heap before GC invocations=6 (full 0):
 PSYoungGen      total 35328K, used 35315K [0x00000000eab00000, 0x00000000efc00000, 0x0000000100000000)
  eden space 32768K, 100% used [0x00000000eab00000,0x00000000ecb00000,0x00000000ecb00000)
  from space 2560K, 99% used [0x00000000ecb00000,0x00000000ecd7cf28,0x00000000ecd80000)
  to   space 8704K, 0% used [0x00000000ef380000,0x00000000ef380000,0x00000000efc00000)
 ParOldGen       total 44032K, used 15804K [0x00000000c0000000, 0x00000000c2b00000, 0x00000000eab00000)
  object space 44032K, 35% used [0x00000000c0000000,0x00000000c0f6f1e8,0x00000000c2b00000)
 Metaspace       used 6472K, capacity 7192K, committed 7424K, reserved 1056768K
  class space    used 615K, capacity 656K, committed 768K, reserved 1048576K
Event: 1.751 GC heap after
Heap after GC invocations=6 (full 0):
 PSYoungGen      total 72192K, used 8685K [0x00000000eab00000, 0x00000000f0000000, 0x0000000100000000)
  eden space 63488K, 0% used [0x00000000eab00000,0x00000000eab00000,0x00000000ee900000)
  from space 8704K, 99% used [0x00000000ef380000,0x00000000efbfb528,0x00000000efc00000)
  to   space 10752K, 0% used [0x00000000ee900000,0x00000000ee900000,0x00000000ef380000)
 ParOldGen       total 44032K, used 17697K [0x00000000c0000000, 0x00000000c2b00000, 0x00000000eab00000)
  object space 44032K, 40% used [0x00000000c0000000,0x00000000c11485b0,0x00000000c2b00000)
 Metaspace       used 6472K, capacity 7192K, committed 7424K, reserved 1056768K
  class space    used 615K, capacity 656K, committed 768K, reserved 1048576K
}
Event: 2.389 GC heap before
{Heap before GC invocations=7 (full 0):
 PSYoungGen      total 72192K, used 72173K [0x00000000eab00000, 0x00000000f0000000, 0x0000000100000000)
  eden space 63488K, 100% used [0x00000000eab00000,0x00000000ee900000,0x00000000ee900000)
  from space 8704K, 99% used [0x00000000ef380000,0x00000000efbfb528,0x00000000efc00000)
  to   space 10752K, 0% used [0x00000000ee900000,0x00000000ee900000,0x00000000ef380000)
 ParOldGen       total 44032K, used 17697K [0x00000000c0000000, 0x00000000c2b00000, 0x00000000eab00000)
  object space 44032K, 40% used [0x00000000c0000000,0x00000000c11485b0,0x00000000c2b00000)
 Metaspace       used 6503K, capacity 7192K, committed 7424K, reserved 1056768K
  class space    used 615K, capacity 656K, committed 768K, reserved 1048576K
Event: 2.448 GC heap after
Heap after GC invocations=7 (full 0):
 PSYoungGen      total 74240K, used 10723K [0x00000000eab00000, 0x00000000f4b00000, 0x0000000100000000)
  eden space 63488K, 0% used [0x00000000eab00000,0x00000000eab00000,0x00000000ee900000)
  from space 10752K, 99% used [0x00000000ee900000,0x00000000ef378fa8,0x00000000ef380000)
  to   space 18432K, 0% used [0x00000000f3900000,0x00000000f3900000,0x00000000f4b00000)
 ParOldGen       total 44032K, used 29522K [0x00000000c0000000, 0x00000000c2b00000, 0x00000000eab00000)
  object space 44032K, 67% used [0x00000000c0000000,0x00000000c1cd4828,0x00000000c2b00000)
 Metaspace       used 6503K, capacity 7192K, committed 7424K, reserved 1056768K
  class space    used 615K, capacity 656K, committed 768K, reserved 1048576K
}
Event: 2.683 GC heap before
{Heap before GC invocations=8 (full 0):
 PSYoungGen      total 74240K, used 74211K [0x00000000eab00000, 0x00000000f4b00000, 0x0000000100000000)
  eden space 63488K, 100% used [0x00000000eab00000,0x00000000ee900000,0x00000000ee900000)
  from space 10752K, 99% used [0x00000000ee900000,0x00000000ef378fa8,0x00000000ef380000)
  to   space 18432K, 0% used [0x00000000f3900000,0x00000000f3900000,0x00000000f4b00000)
 ParOldGen       total 44032K, used 29522K [0x00000000c0000000, 0x00000000c2b00000, 0x00000000eab00000)
  object space 44032K, 67% used [0x00000000c0000000,0x00000000c1cd4828,0x00000000c2b00000)
 Metaspace       used 6538K, capacity 7192K, committed 7424K, reserved 1056768K
  class space    used 615K, capacity 656K, committed 768K, reserved 1048576K
Event: 2.752 GC heap after
Heap after GC invocations=8 (full 0):
 PSYoungGen      total 139264K, used 18430K [0x00000000eab00000, 0x00000000f5700000, 0x0000000100000000)
  eden space 120832K, 0% used [0x00000000eab00000,0x00000000eab00000,0x00000000f2100000)
  from space 18432K, 99% used [0x00000000f3900000,0x00000000f4aff9c8,0x00000000f4b00000)
  to   space 24576K, 0% used [0x00000000f2100000,0x00000000f2100000,0x00000000f3900000)
 ParOldGen       total 44032K, used 37060K [0x00000000c0000000, 0x00000000c2b00000, 0x00000000eab00000)
  object space 44032K, 84% used [0x00000000c0000000,0x00000000c24312f0,0x00000000c2b00000)
 Metaspace       used 6538K, capacity 7192K, committed 7424K, reserved 1056768K
  class space    used 615K, capacity 656K, committed 768K, reserved 1048576K
}
Event: 2.752 GC heap before
{Heap before GC invocations=9 (full 1):
 PSYoungGen      total 139264K, used 18430K [0x00000000eab00000, 0x00000000f5700000, 0x0000000100000000)
  eden space 120832K, 0% used [0x00000000eab00000,0x00000000eab00000,0x00000000f2100000)
  from space 18432K, 99% used [0x00000000f3900000,0x00000000f4aff9c8,0x00000000f4b00000)
  to   space 24576K, 0% used [0x00000000f2100000,0x00000000f2100000,0x00000000f3900000)
 ParOldGen       total 44032K, used 37060K [0x00000000c0000000, 0x00000000c2b00000, 0x00000000eab00000)
  object space 44032K, 84% used [0x00000000c0000000,0x00000000c24312f0,0x00000000c2b00000)
 Metaspace       used 6538K, capacity 7192K, committed 7424K, reserved 1056768K
  class space    used 615K, capacity 656K, committed 768K, reserved 1048576K
Event: 3.108 GC heap after
Heap after GC invocations=9 (full 1):
 PSYoungGen      total 139264K, used 6550K [0x00000000eab00000, 0x00000000f5700000, 0x0000000100000000)
  eden space 120832K, 0% used [0x00000000eab00000,0x00000000eab00000,0x00000000f2100000)
  from space 18432K, 35% used [0x00000000f3900000,0x00000000f3f65b88,0x00000000f4b00000)
  to   space 24576K, 0% used [0x00000000f2100000,0x00000000f2100000,0x00000000f3900000)
 ParOldGen       total 79872K, used 43927K [0x00000000c0000000, 0x00000000c4e00000, 0x00000000eab00000)
  object space 79872K, 54% used [0x00000000c0000000,0x00000000c2ae5f08,0x00000000c4e00000)
 Metaspace       used 6538K, capacity 7192K, committed 7424K, reserved 1056768K
  class space    used 615K, capacity 656K, committed 768K, reserved 1048576K
}
Event: 3.682 GC heap before
{Heap before GC invocations=10 (full 1):
 PSYoungGen      total 139264K, used 127382K [0x00000000eab00000, 0x00000000f5700000, 0x0000000100000000)
  eden space 120832K, 100% used [0x00000000eab00000,0x00000000f2100000,0x00000000f2100000)
  from space 18432K, 35% used [0x00000000f3900000,0x00000000f3f65b88,0x00000000f4b00000)
  to   space 24576K, 0% used [0x00000000f2100000,0x00000000f2100000,0x00000000f3900000)
 ParOldGen       total 79872K, used 43927K [0x00000000c0000000, 0x00000000c4e00000, 0x00000000eab00000)
  object space 79872K, 54% used [0x00000000c0000000,0x00000000c2ae5f08,0x00000000c4e00000)
 Metaspace       used 6681K, capacity 7224K, committed 7424K, reserved 1056768K
  class space    used 638K, capacity 688K, committed 768K, reserved 1048576K
Event: 3.738 GC heap after
Heap after GC invocations=10 (full 1):
 PSYoungGen      total 145408K, used 24570K [0x00000000eab00000, 0x00000000f7b00000, 0x0000000100000000)
  eden space 120832K, 0% used [0x00000000eab00000,0x00000000eab00000,0x00000000f2100000)
  from space 24576K, 99% used [0x00000000f2100000,0x00000000f38fe9b0,0x00000000f3900000)
  to   space 29696K, 0% used [0x00000000f5e00000,0x00000000f5e00000,0x00000000f7b00000)
 ParOldGen       total 79872K, used 46189K [0x00000000c0000000, 0x00000000c4e00000, 0x00000000eab00000)
  object space 79872K, 57% used [0x00000000c0000000,0x00000000c2d1b7f8,0x00000000c4e00000)
 Metaspace       used 6681K, capacity 7224K, committed 7424K, reserved 1056768K
  class space    used 638K, capacity 688K, committed 768K, reserved 1048576K
}

